<?xml version="1.0" encoding="UTF-8"?>
<testsuite name="com.example.tests.GroupCreationTests" tests="5" skipped="0" failures="0" errors="0" timestamp="2019-11-29T09:40:46" hostname="N1533SK" time="8.601">
  <properties/>
  <testcase name="testAddGroup[0](GroupData{name='test 0', id=2147483647})" classname="com.example.tests.GroupCreationTests" time="1.737"/>
  <testcase name="testAddGroup[1](GroupData{name='test 1', id=2147483647})" classname="com.example.tests.GroupCreationTests" time="1.634"/>
  <testcase name="testAddGroup[2](GroupData{name='test 2', id=2147483647})" classname="com.example.tests.GroupCreationTests" time="1.678"/>
  <testcase name="testAddGroup[3](GroupData{name='test 3', id=2147483647})" classname="com.example.tests.GroupCreationTests" time="1.764"/>
  <testcase name="testAddGroup[4](GroupData{name='test 4', id=2147483647})" classname="com.example.tests.GroupCreationTests" time="1.785"/>
  <system-out><![CDATA[]]></system-out>
  <system-err><![CDATA[1575020442501	mozrunner::runner	INFO	Running command: "C:\\Program Files (x86)\\Mozilla Firefox\\firefox.exe" "-marionette" "-foreground" "-no-remote" "-profile" "C:\\Users\\NATALY~1\\AppData\\Local\\Temp\\rust_mozprofileWasW38"
1575020443478	addons.webextension.screenshots@mozilla.org	WARN	Loading extension 'screenshots@mozilla.org': Reading manifest: Invalid extension permission: mozillaAddons
1575020443479	addons.webextension.screenshots@mozilla.org	WARN	Loading extension 'screenshots@mozilla.org': Reading manifest: Invalid extension permission: telemetry
1575020443479	addons.webextension.screenshots@mozilla.org	WARN	Loading extension 'screenshots@mozilla.org': Reading manifest: Invalid extension permission: resource://pdf.js/
1575020443479	addons.webextension.screenshots@mozilla.org	WARN	Loading extension 'screenshots@mozilla.org': Reading manifest: Invalid extension permission: about:reader*
JavaScript error: resource://gre/modules/XULStore.jsm, line 66: Error: Can't find profile directory.
1575020445096	Marionette	INFO	Listening on port 56355
1575020445280	Marionette	WARN	TLS certificate errors will be ignored for this session
ноя 29, 2019 12:40:45 PM org.openqa.selenium.remote.ProtocolHandshake createSession
INFO: Detected dialect: W3C
]]></system-err>
</testsuite>
