<?xml version="1.0" encoding="UTF-8"?>
<testsuite name="com.example.tests.EditContactTests" tests="1" skipped="0" failures="0" errors="0" timestamp="2019-11-29T09:42:02" hostname="N1533SK" time="4.599">
  <properties/>
  <testcase name="editContactsTest" classname="com.example.tests.EditContactTests" time="4.599"/>
  <system-out><![CDATA[]]></system-out>
  <system-err><![CDATA[1575020517936	mozrunner::runner	INFO	Running command: "C:\\Program Files (x86)\\Mozilla Firefox\\firefox.exe" "-marionette" "-foreground" "-no-remote" "-profile" "C:\\Users\\NATALY~1\\AppData\\Local\\Temp\\rust_mozprofileW5y9B1"
1575020518382	addons.webextension.screenshots@mozilla.org	WARN	Loading extension 'screenshots@mozilla.org': Reading manifest: Invalid extension permission: mozillaAddons
1575020518383	addons.webextension.screenshots@mozilla.org	WARN	Loading extension 'screenshots@mozilla.org': Reading manifest: Invalid extension permission: telemetry
1575020518383	addons.webextension.screenshots@mozilla.org	WARN	Loading extension 'screenshots@mozilla.org': Reading manifest: Invalid extension permission: resource://pdf.js/
1575020518383	addons.webextension.screenshots@mozilla.org	WARN	Loading extension 'screenshots@mozilla.org': Reading manifest: Invalid extension permission: about:reader*
JavaScript error: resource://gre/modules/XULStore.jsm, line 66: Error: Can't find profile directory.
1575020519936	Marionette	INFO	Listening on port 56681
1575020520098	Marionette	WARN	TLS certificate errors will be ignored for this session
ноя 29, 2019 12:42:00 PM org.openqa.selenium.remote.ProtocolHandshake createSession
INFO: Detected dialect: W3C
]]></system-err>
</testsuite>
