<?xml version="1.0" encoding="UTF-8"?>
<testsuite name="com.example.tests.DeleteContactFromFormTests" tests="1" skipped="0" failures="0" errors="0" timestamp="2019-11-29T09:41:44" hostname="N1533SK" time="2.898">
  <properties/>
  <testcase name="editContactsTest" classname="com.example.tests.DeleteContactFromFormTests" time="2.898"/>
  <system-out><![CDATA[]]></system-out>
  <system-err><![CDATA[1575020500336	mozrunner::runner	INFO	Running command: "C:\\Program Files (x86)\\Mozilla Firefox\\firefox.exe" "-marionette" "-foreground" "-no-remote" "-profile" "C:\\Users\\NATALY~1\\AppData\\Local\\Temp\\rust_mozprofileqy610I"
1575020500769	addons.webextension.screenshots@mozilla.org	WARN	Loading extension 'screenshots@mozilla.org': Reading manifest: Invalid extension permission: mozillaAddons
1575020500769	addons.webextension.screenshots@mozilla.org	WARN	Loading extension 'screenshots@mozilla.org': Reading manifest: Invalid extension permission: telemetry
1575020500769	addons.webextension.screenshots@mozilla.org	WARN	Loading extension 'screenshots@mozilla.org': Reading manifest: Invalid extension permission: resource://pdf.js/
1575020500769	addons.webextension.screenshots@mozilla.org	WARN	Loading extension 'screenshots@mozilla.org': Reading manifest: Invalid extension permission: about:reader*
JavaScript error: resource://gre/modules/XULStore.jsm, line 66: Error: Can't find profile directory.
1575020502286	Marionette	INFO	Listening on port 56590
1575020502518	Marionette	WARN	TLS certificate errors will be ignored for this session
ноя 29, 2019 12:41:42 PM org.openqa.selenium.remote.ProtocolHandshake createSession
INFO: Detected dialect: W3C
]]></system-err>
</testsuite>
