<?xml version="1.0" encoding="UTF-8"?>
<testsuite name="com.example.tests.GroupCreationTests" tests="5" skipped="0" failures="0" errors="0" timestamp="2019-12-06T09:37:49" hostname="N1533SK" time="13.809">
  <properties/>
  <testcase name="testAddGroup[0](GroupData{name='test 0', id=2147483647})" classname="com.example.tests.GroupCreationTests" time="2.989"/>
  <testcase name="testAddGroup[1](GroupData{name='test 1', id=2147483647})" classname="com.example.tests.GroupCreationTests" time="2.709"/>
  <testcase name="testAddGroup[2](GroupData{name='test 2', id=2147483647})" classname="com.example.tests.GroupCreationTests" time="2.657"/>
  <testcase name="testAddGroup[3](GroupData{name='test 3', id=2147483647})" classname="com.example.tests.GroupCreationTests" time="2.637"/>
  <testcase name="testAddGroup[4](GroupData{name='test 4', id=2147483647})" classname="com.example.tests.GroupCreationTests" time="2.816"/>
  <system-out><![CDATA[]]></system-out>
  <system-err><![CDATA[Starting ChromeDriver 77.0.3865.40 (f484704e052e0b556f8030b65b953dce96503217-refs/branch-heads/3865@{#442}) on port 16640
Only local connections are allowed.
Please protect ports used by ChromeDriver and related test frameworks to prevent access by malicious code.
[1575625067.674][WARNING]: This version of ChromeDriver has not been tested with Chrome version 78.
дек 06, 2019 12:37:48 PM org.openqa.selenium.remote.ProtocolHandshake createSession
INFO: Detected dialect: W3C
]]></system-err>
</testsuite>
